Not Found: /
Not Found: /favicon.ico
Bad Request: /api/token/
Not Found: /
Not Found: /
Not Found: /
Not Found: /
Not Found: /
Not Found: /favicon.ico
Not Found: /
Not Found: /
Not Found: /favicon.ico
Not Found: /
Not Found: /
Not Found: /
Not Found: /robots.txt
Not Found: /
Not Found: /plans/
Not Found: /introduction/
Not Found: /comments/
Not Found: /introduction/
Not Found: /crypto/chart/
Not Found: /questions/
Not Found: /gallery/
Not Found: /crypto/prices/
Not Found: /plans/
Not Found: /gallery/
Not Found: /questions/
Not Found: /crypto/chart/
Not Found: /crypto/prices/
Not Found: /comments/
Not Found: /crypto/prices/
Not Found: /crypto/prices/
Not Found: /crypto/prices/
Not Found: /crypto/prices/
Not Found: /crypto/prices/
Not Found: /crypto/prices/
Not Found: /crypto/prices/
Not Found: /crypto/prices/
Not Found: /crypto/prices/
Not Found: /introduction/
Not Found: /questions/
Not Found: /plans/
Not Found: /gallery/
Not Found: /comments/
Not Found: /crypto/chart/
Not Found: /crypto/prices/
Not Found: /introduction/
Not Found: /crypto/prices/
Not Found: /gallery/
Not Found: /plans/
Not Found: /comments/
Not Found: /crypto/chart/
Not Found: /crypto/prices/
Not Found: /questions/
Not Found: /crypto/chart/
Not Found: /gallery/
Not Found: /plans/
Not Found: /questions/
Not Found: /comments/
Not Found: /gallery/
Not Found: /crypto/prices/
Not Found: /questions/
Not Found: /introduction/
Not Found: /crypto/chart/
Not Found: /gallery/
Not Found: /plans/
Not Found: /comments/
Not Found: /crypto/prices/
Not Found: /introduction/
Not Found: /comments/
Not Found: /plans/
Not Found: /questions/
Not Found: /crypto/chart/
Not Found: /gallery/
Not Found: /crypto/prices/
Not Found: /crypto/prices/
Not Found: /crypto/prices/
Not Found: /crypto/prices/
Not Found: /crypto/prices/
Not Found: /crypto/prices/
Not Found: /crypto/prices/
Not Found: /gallery/
Not Found: /questions/
Not Found: /crypto/chart/
Not Found: /crypto/prices/
Not Found: /introduction/
Not Found: /plans/
Not Found: /comments/
Not Found: /crypto/chart/
Not Found: /plans/
Not Found: /crypto/prices/
Not Found: /comments/
Not Found: /gallery/
Not Found: /introduction/
Not Found: /questions/
Not Found: /crypto/prices/
Not Found: /crypto/prices/
Not Found: /crypto/prices/
Not Found: /crypto/prices/
Not Found: /crypto/prices/
Not Found: /crypto/prices/
Not Found: /crypto/prices/
Not Found: /crypto/prices/
Not Found: /crypto/prices/
Not Found: /crypto/prices/
Not Found: /crypto/prices/
Not Found: /crypto/prices/
Not Found: /crypto/prices/
Not Found: /crypto/prices/
Not Found: /crypto/prices/
Not Found: /crypto/prices/
Not Found: /
Not Found: /
Not Found: /
Not Found: /
Not Found: /favicon.ico
Not Found: /
Not Found: /
Not Found: /
Not Found: /favicon.ico
Not Found: /favicon.ico
Not Found: /
Not Found: /
Not Found: /
Not Found: /
Not Found: /
Not Found: /
Not Found: /
Not Found: /
Not Found: /
Not Found: /
Not Found: /
Not Found: /
Not Found: /
Not Found: /
Not Found: /
Not Found: /
Not Found: /
Bad Request: /api/token/
Not Found: /static/admin/css/base.css
Not Found: /static/admin/css/dark_mode.css
Not Found: /static/admin/js/nav_sidebar.js
Not Found: /static/admin/js/theme.js
Not Found: /static/admin/css/responsive.css
Not Found: /static/admin/css/login.css
Not Found: /static/admin/css/nav_sidebar.css
Not Found: /favicon.ico
Not Found: /static/admin/css/dark_mode.css
Not Found: /static/admin/css/base.css
Not Found: /static/admin/css/nav_sidebar.css
Not Found: /static/admin/css/responsive.css
Not Found: /static/admin/css/login.css
Not Found: /static/admin/js/theme.js
Not Found: /static/admin/js/nav_sidebar.js
Not Found: /
